<?xml version="1.0" encoding="UTF-8"?>
<!-- Generated by org.testng.reporters.JUnitReportReporter -->
<testsuite hostname="Akhila" failures="0" tests="3" name="rahulshettyacademy.SubmitOrderTest" time="39.170" errors="0" timestamp="2024-01-28T23:56:17 IST" skipped="0">
  <testcase classname="rahulshettyacademy.SubmitOrderTest" name="submitOrder" time="16.634"/>
  <system-out/>
  <testcase classname="rahulshettyacademy.SubmitOrderTest" name="orderHistoryFirst" time="2.415"/>
  <system-out/>
  <testcase classname="rahulshettyacademy.SubmitOrderTest" name="submitOrder" time="20.121"/>
  <system-out/>
</testsuite> <!-- rahulshettyacademy.SubmitOrderTest -->
