<?xml version="1.0" encoding="UTF-8"?>
<!-- Generated by org.testng.reporters.JUnitReportReporter -->
<testsuite hostname="Akhila" failures="0" tests="2" name="rahulshettyacademy.ErrorValidationsTest" time="23.767" errors="0" timestamp="2024-02-03T14:45:26 IST" skipped="0">
  <testcase classname="rahulshettyacademy.ErrorValidationsTest" name="productErrorValidation" time="16.585"/>
  <testcase classname="rahulshettyacademy.ErrorValidationsTest" name="LoginErrorValidation" time="7.182"/>
</testsuite> <!-- rahulshettyacademy.ErrorValidationsTest -->
