<?xml version="1.0" encoding="UTF-8"?>
<!-- Generated by org.testng.reporters.JUnitReportReporter -->
<testsuite hostname="Akhila" failures="0" tests="3" name="rahulshettyacademy.SubmitOrderTest" time="30.255" errors="0" timestamp="2024-02-03T14:45:26 IST" skipped="0">
  <testcase classname="rahulshettyacademy.SubmitOrderTest" name="submitOrder" time="21.081"/>
  <testcase classname="rahulshettyacademy.SubmitOrderTest" name="submitOrder" time="6.069"/>
  <testcase classname="rahulshettyacademy.SubmitOrderTest" name="orderHistoryFirst" time="3.105"/>
</testsuite> <!-- rahulshettyacademy.SubmitOrderTest -->
